build/app/intermediates/manifest_merge_blame_file/debug/manifest-merger-blame-debug-report.txt
1<?xml version="1.0" encoding="utf-8"?>
2<manifest xmlns:android="http://schemas.android.com/apk/res/android"
3    package="com.example.web_view_app"
4    android:versionCode="1"
5    android:versionName="1.0.0" >
6
7    <uses-sdk
8        android:minSdkVersion="19"
9        android:targetSdkVersion="33" />
10    <!--
11         The INTERNET permission is required for development. Specifically,
12         the Flutter tool needs it to communicate with the running application
13         to allow setting breakpoints, to provide hot reload, etc.
14    -->
15    <uses-permission android:name="android.permission.INTERNET" />
15-->src\main\AndroidManifest.xml:3:5-66
15-->src\main\AndroidManifest.xml:3:22-64
16    <uses-permission android:name="android.permission.WRITE_EXTERNAL_STORAGE" />
16-->src\main\AndroidManifest.xml:4:5-80
16-->src\main\AndroidManifest.xml:4:22-78
17    <uses-permission android:name="android.permission.READ_EXTERNAL_STORAGE" />
17-->src\main\AndroidManifest.xml:5:5-79
17-->src\main\AndroidManifest.xml:5:22-77
18
19    <queries>
19-->[:flutter_inappwebview] AndroidManifest.xml:9:5-13:15
20        <intent>
20-->[:flutter_inappwebview] AndroidManifest.xml:10:9-12:18
21            <action android:name="android.support.customtabs.action.CustomTabsService" />
21-->[:flutter_inappwebview] AndroidManifest.xml:11:13-90
21-->[:flutter_inappwebview] AndroidManifest.xml:11:21-87
22        </intent>
23        <intent>
23-->[:flutter_downloader] AndroidManifest.xml:11:9-13:18
24            <action android:name="android.intent.action.VIEW" />
24-->[:flutter_downloader] AndroidManifest.xml:12:13-65
24-->[:flutter_downloader] AndroidManifest.xml:12:21-62
25        </intent>
26    </queries>
27
28    <uses-permission android:name="android.permission.POST_NOTIFICATIONS" />
28-->[:flutter_downloader] AndroidManifest.xml:16:5-77
28-->[:flutter_downloader] AndroidManifest.xml:16:22-74
29    <uses-permission android:name="android.permission.ACCESS_NETWORK_STATE" />
29-->[com.google.android.exoplayer:exoplayer-core:2.18.1] AndroidManifest.xml:24:5-79
29-->[com.google.android.exoplayer:exoplayer-core:2.18.1] AndroidManifest.xml:24:22-76
30    <uses-permission android:name="android.permission.WAKE_LOCK" />
30-->[androidx.work:work-runtime:2.7.1] AndroidManifest.xml:25:5-68
30-->[androidx.work:work-runtime:2.7.1] AndroidManifest.xml:25:22-65
31    <uses-permission android:name="android.permission.RECEIVE_BOOT_COMPLETED" />
31-->[androidx.work:work-runtime:2.7.1] AndroidManifest.xml:27:5-81
31-->[androidx.work:work-runtime:2.7.1] AndroidManifest.xml:27:22-78
32    <uses-permission android:name="android.permission.FOREGROUND_SERVICE" />
32-->[androidx.work:work-runtime:2.7.1] AndroidManifest.xml:28:5-77
32-->[androidx.work:work-runtime:2.7.1] AndroidManifest.xml:28:22-74
33
34    <permission
34-->[androidx.core:core:1.9.0] AndroidManifest.xml:22:5-24:47
35        android:name="com.example.web_view_app.DYNAMIC_RECEIVER_NOT_EXPORTED_PERMISSION"
35-->[androidx.core:core:1.9.0] AndroidManifest.xml:23:9-81
36        android:protectionLevel="signature" />
36-->[androidx.core:core:1.9.0] AndroidManifest.xml:24:9-44
37
38    <uses-permission android:name="com.example.web_view_app.DYNAMIC_RECEIVER_NOT_EXPORTED_PERMISSION" />
38-->[androidx.core:core:1.9.0] AndroidManifest.xml:26:5-97
38-->[androidx.core:core:1.9.0] AndroidManifest.xml:26:22-94
39
40    <application
41        android:name="android.app.Application"
42        android:appComponentFactory="androidx.core.app.CoreComponentFactory"
42-->[androidx.core:core:1.9.0] AndroidManifest.xml:28:18-86
43        android:debuggable="true"
44        android:icon="@mipmap/ic_launcher"
45        android:label="Faster Time"
46        android:usesCleartextTraffic="true" >
47        <activity
48            android:name="com.example.web_view_app.MainActivity"
49            android:configChanges="orientation|keyboardHidden|keyboard|screenSize|smallestScreenSize|locale|layoutDirection|fontScale|screenLayout|density|uiMode"
50            android:exported="true"
51            android:hardwareAccelerated="true"
52            android:launchMode="singleTop"
53            android:theme="@style/LaunchTheme"
54            android:windowSoftInputMode="adjustResize" >
55
56            <!--
57                 Specifies an Android theme to apply to this Activity as soon as
58                 the Android process has started. This theme is visible to the user
59                 while the Flutter UI initializes. After that, this theme continues
60                 to determine the Window background behind the Flutter UI.
61            -->
62            <meta-data
63                android:name="io.flutter.embedding.android.NormalTheme"
64                android:resource="@style/NormalTheme" />
65
66            <intent-filter>
67                <action android:name="android.intent.action.MAIN" />
68
69                <category android:name="android.intent.category.LAUNCHER" />
70            </intent-filter>
71        </activity>
72
73        <!--
74             Don't delete the meta-data below.
75             This is used by the Flutter tool to generate GeneratedPluginRegistrant.java
76        -->
77        <meta-data
78            android:name="flutterEmbedding"
79            android:value="2" />
80
81        <activity
81-->[:flutter_inappwebview] AndroidManifest.xml:16:9-20:47
82            android:name="com.pichillilorenzo.flutter_inappwebview.in_app_browser.InAppBrowserActivity"
82-->[:flutter_inappwebview] AndroidManifest.xml:17:13-104
83            android:configChanges="orientation|keyboardHidden|keyboard|screenSize|locale|layoutDirection|fontScale|screenLayout|density"
83-->[:flutter_inappwebview] AndroidManifest.xml:18:13-137
84            android:exported="false"
84-->[:flutter_inappwebview] AndroidManifest.xml:19:13-37
85            android:theme="@style/AppTheme" />
85-->[:flutter_inappwebview] AndroidManifest.xml:20:13-44
86        <activity
86-->[:flutter_inappwebview] AndroidManifest.xml:21:9-24:55
87            android:name="com.pichillilorenzo.flutter_inappwebview.chrome_custom_tabs.ChromeCustomTabsActivity"
87-->[:flutter_inappwebview] AndroidManifest.xml:22:13-112
88            android:exported="false"
88-->[:flutter_inappwebview] AndroidManifest.xml:23:13-37
89            android:theme="@style/ThemeTransparent" />
89-->[:flutter_inappwebview] AndroidManifest.xml:24:13-52
90        <activity
90-->[:flutter_inappwebview] AndroidManifest.xml:25:9-28:55
91            android:name="com.pichillilorenzo.flutter_inappwebview.chrome_custom_tabs.TrustedWebActivity"
91-->[:flutter_inappwebview] AndroidManifest.xml:26:13-106
92            android:exported="false"
92-->[:flutter_inappwebview] AndroidManifest.xml:27:13-37
93            android:theme="@style/ThemeTransparent" />
93-->[:flutter_inappwebview] AndroidManifest.xml:28:13-52
94        <activity
94-->[:flutter_inappwebview] AndroidManifest.xml:29:9-33:55
95            android:name="com.pichillilorenzo.flutter_inappwebview.chrome_custom_tabs.ChromeCustomTabsActivitySingleInstance"
95-->[:flutter_inappwebview] AndroidManifest.xml:30:13-126
96            android:exported="false"
96-->[:flutter_inappwebview] AndroidManifest.xml:31:13-37
97            android:launchMode="singleInstance"
97-->[:flutter_inappwebview] AndroidManifest.xml:32:13-48
98            android:theme="@style/ThemeTransparent" />
98-->[:flutter_inappwebview] AndroidManifest.xml:33:13-52
99        <activity
99-->[:flutter_inappwebview] AndroidManifest.xml:34:9-38:55
100            android:name="com.pichillilorenzo.flutter_inappwebview.chrome_custom_tabs.TrustedWebActivitySingleInstance"
100-->[:flutter_inappwebview] AndroidManifest.xml:35:13-120
101            android:exported="false"
101-->[:flutter_inappwebview] AndroidManifest.xml:36:13-37
102            android:launchMode="singleInstance"
102-->[:flutter_inappwebview] AndroidManifest.xml:37:13-48
103            android:theme="@style/ThemeTransparent" />
103-->[:flutter_inappwebview] AndroidManifest.xml:38:13-52
104
105        <receiver
105-->[:flutter_inappwebview] AndroidManifest.xml:40:9-43:40
106            android:name="com.pichillilorenzo.flutter_inappwebview.chrome_custom_tabs.ActionBroadcastReceiver"
106-->[:flutter_inappwebview] AndroidManifest.xml:41:13-111
107            android:enabled="true"
107-->[:flutter_inappwebview] AndroidManifest.xml:42:13-35
108            android:exported="false" />
108-->[:flutter_inappwebview] AndroidManifest.xml:43:13-37
109
110        <meta-data
110-->[:flutter_inappwebview] AndroidManifest.xml:45:9-47:36
111            android:name="io.flutter.embedded_views_preview"
111-->[:flutter_inappwebview] AndroidManifest.xml:46:13-61
112            android:value="true" />
112-->[:flutter_inappwebview] AndroidManifest.xml:47:13-33
113
114        <uses-library
114-->[androidx.window:window:1.0.0-beta04] AndroidManifest.xml:25:9-27:40
115            android:name="androidx.window.extensions"
115-->[androidx.window:window:1.0.0-beta04] AndroidManifest.xml:26:13-54
116            android:required="false" />
116-->[androidx.window:window:1.0.0-beta04] AndroidManifest.xml:27:13-37
117        <uses-library
117-->[androidx.window:window:1.0.0-beta04] AndroidManifest.xml:28:9-30:40
118            android:name="androidx.window.sidecar"
118-->[androidx.window:window:1.0.0-beta04] AndroidManifest.xml:29:13-51
119            android:required="false" />
119-->[androidx.window:window:1.0.0-beta04] AndroidManifest.xml:30:13-37
120
121        <provider
121-->[androidx.work:work-runtime:2.7.1] AndroidManifest.xml:31:9-39:20
122            android:name="androidx.startup.InitializationProvider"
122-->[androidx.work:work-runtime:2.7.1] AndroidManifest.xml:32:13-67
123            android:authorities="com.example.web_view_app.androidx-startup"
123-->[androidx.work:work-runtime:2.7.1] AndroidManifest.xml:33:13-68
124            android:exported="false" >
124-->[androidx.work:work-runtime:2.7.1] AndroidManifest.xml:34:13-37
125            <meta-data
125-->[androidx.work:work-runtime:2.7.1] AndroidManifest.xml:36:13-38:52
126                android:name="androidx.work.WorkManagerInitializer"
126-->[androidx.work:work-runtime:2.7.1] AndroidManifest.xml:37:17-68
127                android:value="androidx.startup" />
127-->[androidx.work:work-runtime:2.7.1] AndroidManifest.xml:38:17-49
128            <meta-data
128-->[androidx.emoji2:emoji2:1.2.0] AndroidManifest.xml:29:13-31:52
129                android:name="androidx.emoji2.text.EmojiCompatInitializer"
129-->[androidx.emoji2:emoji2:1.2.0] AndroidManifest.xml:30:17-75
130                android:value="androidx.startup" />
130-->[androidx.emoji2:emoji2:1.2.0] AndroidManifest.xml:31:17-49
131            <meta-data
131-->[androidx.lifecycle:lifecycle-process:2.4.1] AndroidManifest.xml:31:13-33:52
132                android:name="androidx.lifecycle.ProcessLifecycleInitializer"
132-->[androidx.lifecycle:lifecycle-process:2.4.1] AndroidManifest.xml:32:17-78
133                android:value="androidx.startup" />
133-->[androidx.lifecycle:lifecycle-process:2.4.1] AndroidManifest.xml:33:17-49
134        </provider>
135
136        <service
136-->[androidx.work:work-runtime:2.7.1] AndroidManifest.xml:41:9-46:35
137            android:name="androidx.work.impl.background.systemalarm.SystemAlarmService"
137-->[androidx.work:work-runtime:2.7.1] AndroidManifest.xml:42:13-88
138            android:directBootAware="false"
138-->[androidx.work:work-runtime:2.7.1] AndroidManifest.xml:43:13-44
139            android:enabled="@bool/enable_system_alarm_service_default"
139-->[androidx.work:work-runtime:2.7.1] AndroidManifest.xml:44:13-72
140            android:exported="false" />
140-->[androidx.work:work-runtime:2.7.1] AndroidManifest.xml:45:13-37
141        <service
141-->[androidx.work:work-runtime:2.7.1] AndroidManifest.xml:47:9-53:35
142            android:name="androidx.work.impl.background.systemjob.SystemJobService"
142-->[androidx.work:work-runtime:2.7.1] AndroidManifest.xml:48:13-84
143            android:directBootAware="false"
143-->[androidx.work:work-runtime:2.7.1] AndroidManifest.xml:49:13-44
144            android:enabled="@bool/enable_system_job_service_default"
144-->[androidx.work:work-runtime:2.7.1] AndroidManifest.xml:50:13-70
145            android:exported="true"
145-->[androidx.work:work-runtime:2.7.1] AndroidManifest.xml:51:13-36
146            android:permission="android.permission.BIND_JOB_SERVICE" />
146-->[androidx.work:work-runtime:2.7.1] AndroidManifest.xml:52:13-69
147        <service
147-->[androidx.work:work-runtime:2.7.1] AndroidManifest.xml:54:9-59:35
148            android:name="androidx.work.impl.foreground.SystemForegroundService"
148-->[androidx.work:work-runtime:2.7.1] AndroidManifest.xml:55:13-81
149            android:directBootAware="false"
149-->[androidx.work:work-runtime:2.7.1] AndroidManifest.xml:56:13-44
150            android:enabled="@bool/enable_system_foreground_service_default"
150-->[androidx.work:work-runtime:2.7.1] AndroidManifest.xml:57:13-77
151            android:exported="false" />
151-->[androidx.work:work-runtime:2.7.1] AndroidManifest.xml:58:13-37
152
153        <receiver
153-->[androidx.work:work-runtime:2.7.1] AndroidManifest.xml:61:9-66:35
154            android:name="androidx.work.impl.utils.ForceStopRunnable$BroadcastReceiver"
154-->[androidx.work:work-runtime:2.7.1] AndroidManifest.xml:62:13-88
155            android:directBootAware="false"
155-->[androidx.work:work-runtime:2.7.1] AndroidManifest.xml:63:13-44
156            android:enabled="true"
156-->[androidx.work:work-runtime:2.7.1] AndroidManifest.xml:64:13-35
157            android:exported="false" />
157-->[androidx.work:work-runtime:2.7.1] AndroidManifest.xml:65:13-37
158        <receiver
158-->[androidx.work:work-runtime:2.7.1] AndroidManifest.xml:67:9-77:20
159            android:name="androidx.work.impl.background.systemalarm.ConstraintProxy$BatteryChargingProxy"
159-->[androidx.work:work-runtime:2.7.1] AndroidManifest.xml:68:13-106
160            android:directBootAware="false"
160-->[androidx.work:work-runtime:2.7.1] AndroidManifest.xml:69:13-44
161            android:enabled="false"
161-->[androidx.work:work-runtime:2.7.1] AndroidManifest.xml:70:13-36
162            android:exported="false" >
162-->[androidx.work:work-runtime:2.7.1] AndroidManifest.xml:71:13-37
163            <intent-filter>
163-->[androidx.work:work-runtime:2.7.1] AndroidManifest.xml:73:13-76:29
164                <action android:name="android.intent.action.ACTION_POWER_CONNECTED" />
164-->[androidx.work:work-runtime:2.7.1] AndroidManifest.xml:74:17-87
164-->[androidx.work:work-runtime:2.7.1] AndroidManifest.xml:74:25-84
165                <action android:name="android.intent.action.ACTION_POWER_DISCONNECTED" />
165-->[androidx.work:work-runtime:2.7.1] AndroidManifest.xml:75:17-90
165-->[androidx.work:work-runtime:2.7.1] AndroidManifest.xml:75:25-87
166            </intent-filter>
167        </receiver>
168        <receiver
168-->[androidx.work:work-runtime:2.7.1] AndroidManifest.xml:78:9-88:20
169            android:name="androidx.work.impl.background.systemalarm.ConstraintProxy$BatteryNotLowProxy"
169-->[androidx.work:work-runtime:2.7.1] AndroidManifest.xml:79:13-104
170            android:directBootAware="false"
170-->[androidx.work:work-runtime:2.7.1] AndroidManifest.xml:80:13-44
171            android:enabled="false"
171-->[androidx.work:work-runtime:2.7.1] AndroidManifest.xml:81:13-36
172            android:exported="false" >
172-->[androidx.work:work-runtime:2.7.1] AndroidManifest.xml:82:13-37
173            <intent-filter>
173-->[androidx.work:work-runtime:2.7.1] AndroidManifest.xml:84:13-87:29
174                <action android:name="android.intent.action.BATTERY_OKAY" />
174-->[androidx.work:work-runtime:2.7.1] AndroidManifest.xml:85:17-77
174-->[androidx.work:work-runtime:2.7.1] AndroidManifest.xml:85:25-74
175                <action android:name="android.intent.action.BATTERY_LOW" />
175-->[androidx.work:work-runtime:2.7.1] AndroidManifest.xml:86:17-76
175-->[androidx.work:work-runtime:2.7.1] AndroidManifest.xml:86:25-73
176            </intent-filter>
177        </receiver>
178        <receiver
178-->[androidx.work:work-runtime:2.7.1] AndroidManifest.xml:89:9-99:20
179            android:name="androidx.work.impl.background.systemalarm.ConstraintProxy$StorageNotLowProxy"
179-->[androidx.work:work-runtime:2.7.1] AndroidManifest.xml:90:13-104
180            android:directBootAware="false"
180-->[androidx.work:work-runtime:2.7.1] AndroidManifest.xml:91:13-44
181            android:enabled="false"
181-->[androidx.work:work-runtime:2.7.1] AndroidManifest.xml:92:13-36
182            android:exported="false" >
182-->[androidx.work:work-runtime:2.7.1] AndroidManifest.xml:93:13-37
183            <intent-filter>
183-->[androidx.work:work-runtime:2.7.1] AndroidManifest.xml:95:13-98:29
184                <action android:name="android.intent.action.DEVICE_STORAGE_LOW" />
184-->[androidx.work:work-runtime:2.7.1] AndroidManifest.xml:96:17-83
184-->[androidx.work:work-runtime:2.7.1] AndroidManifest.xml:96:25-80
185                <action android:name="android.intent.action.DEVICE_STORAGE_OK" />
185-->[androidx.work:work-runtime:2.7.1] AndroidManifest.xml:97:17-82
185-->[androidx.work:work-runtime:2.7.1] AndroidManifest.xml:97:25-79
186            </intent-filter>
187        </receiver>
188        <receiver
188-->[androidx.work:work-runtime:2.7.1] AndroidManifest.xml:100:9-109:20
189            android:name="androidx.work.impl.background.systemalarm.ConstraintProxy$NetworkStateProxy"
189-->[androidx.work:work-runtime:2.7.1] AndroidManifest.xml:101:13-103
190            android:directBootAware="false"
190-->[androidx.work:work-runtime:2.7.1] AndroidManifest.xml:102:13-44
191            android:enabled="false"
191-->[androidx.work:work-runtime:2.7.1] AndroidManifest.xml:103:13-36
192            android:exported="false" >
192-->[androidx.work:work-runtime:2.7.1] AndroidManifest.xml:104:13-37
193            <intent-filter>
193-->[androidx.work:work-runtime:2.7.1] AndroidManifest.xml:106:13-108:29
194                <action android:name="android.net.conn.CONNECTIVITY_CHANGE" />
194-->[androidx.work:work-runtime:2.7.1] AndroidManifest.xml:107:17-79
194-->[androidx.work:work-runtime:2.7.1] AndroidManifest.xml:107:25-76
195            </intent-filter>
196        </receiver>
197        <receiver
197-->[androidx.work:work-runtime:2.7.1] AndroidManifest.xml:110:9-121:20
198            android:name="androidx.work.impl.background.systemalarm.RescheduleReceiver"
198-->[androidx.work:work-runtime:2.7.1] AndroidManifest.xml:111:13-88
199            android:directBootAware="false"
199-->[androidx.work:work-runtime:2.7.1] AndroidManifest.xml:112:13-44
200            android:enabled="false"
200-->[androidx.work:work-runtime:2.7.1] AndroidManifest.xml:113:13-36
201            android:exported="false" >
201-->[androidx.work:work-runtime:2.7.1] AndroidManifest.xml:114:13-37
202            <intent-filter>
202-->[androidx.work:work-runtime:2.7.1] AndroidManifest.xml:116:13-120:29
203                <action android:name="android.intent.action.BOOT_COMPLETED" />
203-->[androidx.work:work-runtime:2.7.1] AndroidManifest.xml:117:17-79
203-->[androidx.work:work-runtime:2.7.1] AndroidManifest.xml:117:25-76
204                <action android:name="android.intent.action.TIME_SET" />
204-->[androidx.work:work-runtime:2.7.1] AndroidManifest.xml:118:17-73
204-->[androidx.work:work-runtime:2.7.1] AndroidManifest.xml:118:25-70
205                <action android:name="android.intent.action.TIMEZONE_CHANGED" />
205-->[androidx.work:work-runtime:2.7.1] AndroidManifest.xml:119:17-81
205-->[androidx.work:work-runtime:2.7.1] AndroidManifest.xml:119:25-78
206            </intent-filter>
207        </receiver>
208        <receiver
208-->[androidx.work:work-runtime:2.7.1] AndroidManifest.xml:122:9-131:20
209            android:name="androidx.work.impl.background.systemalarm.ConstraintProxyUpdateReceiver"
209-->[androidx.work:work-runtime:2.7.1] AndroidManifest.xml:123:13-99
210            android:directBootAware="false"
210-->[androidx.work:work-runtime:2.7.1] AndroidManifest.xml:124:13-44
211            android:enabled="@bool/enable_system_alarm_service_default"
211-->[androidx.work:work-runtime:2.7.1] AndroidManifest.xml:125:13-72
212            android:exported="false" >
212-->[androidx.work:work-runtime:2.7.1] AndroidManifest.xml:126:13-37
213            <intent-filter>
213-->[androidx.work:work-runtime:2.7.1] AndroidManifest.xml:128:13-130:29
214                <action android:name="androidx.work.impl.background.systemalarm.UpdateProxies" />
214-->[androidx.work:work-runtime:2.7.1] AndroidManifest.xml:129:17-98
214-->[androidx.work:work-runtime:2.7.1] AndroidManifest.xml:129:25-95
215            </intent-filter>
216        </receiver>
217        <receiver
217-->[androidx.work:work-runtime:2.7.1] AndroidManifest.xml:132:9-142:20
218            android:name="androidx.work.impl.diagnostics.DiagnosticsReceiver"
218-->[androidx.work:work-runtime:2.7.1] AndroidManifest.xml:133:13-78
219            android:directBootAware="false"
219-->[androidx.work:work-runtime:2.7.1] AndroidManifest.xml:134:13-44
220            android:enabled="true"
220-->[androidx.work:work-runtime:2.7.1] AndroidManifest.xml:135:13-35
221            android:exported="true"
221-->[androidx.work:work-runtime:2.7.1] AndroidManifest.xml:136:13-36
222            android:permission="android.permission.DUMP" >
222-->[androidx.work:work-runtime:2.7.1] AndroidManifest.xml:137:13-57
223            <intent-filter>
223-->[androidx.work:work-runtime:2.7.1] AndroidManifest.xml:139:13-141:29
224                <action android:name="androidx.work.diagnostics.REQUEST_DIAGNOSTICS" />
224-->[androidx.work:work-runtime:2.7.1] AndroidManifest.xml:140:17-88
224-->[androidx.work:work-runtime:2.7.1] AndroidManifest.xml:140:25-85
225            </intent-filter>
226        </receiver>
227
228        <service
228-->[androidx.room:room-runtime:2.2.5] AndroidManifest.xml:25:9-28:40
229            android:name="androidx.room.MultiInstanceInvalidationService"
229-->[androidx.room:room-runtime:2.2.5] AndroidManifest.xml:26:13-74
230            android:directBootAware="true"
230-->[androidx.room:room-runtime:2.2.5] AndroidManifest.xml:27:13-43
231            android:exported="false" />
231-->[androidx.room:room-runtime:2.2.5] AndroidManifest.xml:28:13-37
232    </application>
233
234</manifest>